[debug] [2025-06-08T00:45:32.250Z] ----------------------------------------------------------------------
[debug] [2025-06-08T00:45:32.340Z] Command:       C:\Program Files\nodejs\node.exe C:\Users\hp\AppData\Roaming\npm\node_modules\firebase-tools\lib\bin\firebase.js init
[debug] [2025-06-08T00:45:32.341Z] CLI Version:   14.2.2
[debug] [2025-06-08T00:45:32.342Z] Platform:      win32
[debug] [2025-06-08T00:45:32.342Z] Node Version:  v22.14.0
[debug] [2025-06-08T00:45:32.343Z] Time:          Sun Jun 08 2025 01:45:32 GMT+0100 (West Africa Standard Time)
[debug] [2025-06-08T00:45:32.344Z] ----------------------------------------------------------------------
[debug] 
[debug] [2025-06-08T00:45:32.348Z] >>> [apiv2][query] GET https://firebase-public.firebaseio.com/cli.json [none]
[debug] [2025-06-08T00:45:32.954Z] > command requires scopes: ["email","openid","https://www.googleapis.com/auth/cloudplatformprojects.readonly","https://www.googleapis.com/auth/firebase","https://www.googleapis.com/auth/cloud-platform"]
[debug] [2025-06-08T00:45:32.955Z] > authorizing via signed-in user (thankgodgab009@gmail.com)
[info] 
     ######## #### ########  ######## ########     ###     ######  ########
     ##        ##  ##     ## ##       ##     ##  ##   ##  ##       ##
     ######    ##  ########  ######   ########  #########  ######  ######
     ##        ##  ##    ##  ##       ##     ## ##     ##       ## ##
     ##       #### ##     ## ######## ########  ##     ##  ######  ########

You're about to initialize a Firebase project in this directory:

  C:\Users\hp\OneDrive\Documents\Web Development Projects\Beady

[debug] [2025-06-08T00:45:34.857Z] <<< [apiv2][status] GET https://firebase-public.firebaseio.com/cli.json 200
[debug] [2025-06-08T00:45:34.857Z] <<< [apiv2][body] GET https://firebase-public.firebaseio.com/cli.json {"cloudBuildErrorAfter":1594252800000,"cloudBuildWarnAfter":1590019200000,"defaultNode10After":1594252800000,"minVersion":"3.0.5","node8DeploysDisabledAfter":1613390400000,"node8RuntimeDisabledAfter":1615809600000,"node8WarnAfter":1600128000000}
